<?xml version="1.0" encoding="UTF-8"?>
<!-- Generated by org.testng.reporters.JUnitReportReporter -->
<testsuite hostname="LTIN518302" failures="0" tests="2" name="TestCase.TS003_UI_EMIcalculator" time="4.431" errors="0" timestamp="2024-11-05T18:03:38 IST" skipped="0">
  <testcase classname="TestCase.TS003_UI_EMIcalculator" name="validate_EMICalPage" time="0.499"/>
  <testcase classname="TestCase.TS003_UI_EMIcalculator" name="user_validate_EMI_Calculator_functionality" time="3.932"/>
</testsuite> <!-- TestCase.TS003_UI_EMIcalculator -->
