<?xml version="1.0" encoding="UTF-8"?>
<!-- Generated by org.testng.reporters.JUnitReportReporter -->
<testsuite hostname="LTIN518302" failures="0" tests="2" name="TestCase.TS001_CarLoanTest" time="3.097" errors="0" timestamp="2024-11-05T18:03:38 IST" skipped="0">
  <testcase classname="TestCase.TS001_CarLoanTest" name="validate_carLoanPage" time="0.493"/>
  <testcase classname="TestCase.TS001_CarLoanTest" name="user_enteringValues_carLoan" time="2.604"/>
</testsuite> <!-- TestCase.TS001_CarLoanTest -->
