<?xml version="1.0" encoding="UTF-8"?>
<!-- Generated by org.testng.reporters.JUnitReportReporter -->
<testsuite hostname="LTIN518302" failures="0" tests="2" name="TestCase.TS002_HomeLoanTest" time="4.131" errors="0" timestamp="2024-11-05T18:03:38 IST" skipped="0">
  <testcase classname="TestCase.TS002_HomeLoanTest" name="validate_HomeLoanPage" time="0.618"/>
  <testcase classname="TestCase.TS002_HomeLoanTest" name="homeloan" time="3.513"/>
</testsuite> <!-- TestCase.TS002_HomeLoanTest -->
