<?xml version="1.0" encoding="UTF-8"?>
<!-- Generated by org.testng.reporters.JUnitReportReporter -->
<testsuite hostname="LTIN518302" failures="0" tests="2" name="TestCase.TS004_UI_LoanAmountCalc" time="3.984" errors="0" timestamp="2024-11-05T18:03:38 IST" skipped="0">
  <testcase classname="TestCase.TS004_UI_LoanAmountCalc" name="validate_EMICalPage" time="0.557"/>
  <testcase classname="TestCase.TS004_UI_LoanAmountCalc" name="user_validate_Loan_Amount_Calculator_functionality" time="3.427"/>
</testsuite> <!-- TestCase.TS004_UI_LoanAmountCalc -->
